{"created_at": "2026-03-22T01:35:26.431472+00:00", "actor_id": 1, "action": "login", "target": "auth", "status": "success", "details": "Session started"}
{"created_at": "2026-03-22T01:35:37.412948+00:00", "actor_id": 1, "action": "logout", "target": "auth", "status": "success", "details": "Session ended"}
{"created_at": "2026-03-22T01:36:31.657257+00:00", "actor_id": 1, "action": "login", "target": "auth", "status": "success", "details": "Session started"}
{"created_at": "2026-03-22T01:41:39.171037+00:00", "actor_id": 1, "action": "create_member", "target": "members", "status": "success", "details": "nitin"}
{"created_at": "2026-03-22T01:44:23.718290+00:00", "actor_id": 2, "action": "login", "target": "auth", "status": "success", "details": "Session started"}
{"created_at": "2026-03-22T01:44:38.821879+00:00", "actor_id": 2, "action": "logout", "target": "auth", "status": "success", "details": "Session ended"}
{"created_at": "2026-03-22T01:45:06.535008+00:00", "actor_id": 2, "action": "login", "target": "auth", "status": "success", "details": "Session started"}
{"created_at": "2026-03-22T02:36:14.542326+00:00", "actor_id": 1, "action": "logout", "target": "auth", "status": "success", "details": "Session ended"}
{"created_at": "2026-03-22T02:36:42.129350+00:00", "actor_id": 1, "action": "login", "target": "auth", "status": "success", "details": "Session started"}
{"created_at": "2026-03-22T02:38:53.515917+00:00", "actor_id": 1, "action": "create_member", "target": "members", "status": "success", "details": "devvrat"}
{"created_at": "2026-03-22T02:39:37.891954+00:00", "actor_id": 1, "action": "create_database", "target": "dbms", "status": "success", "details": "{\"database\": \"test\"}"}
{"created_at": "2026-03-22T02:39:53.380358+00:00", "actor_id": 1, "action": "create_table", "target": "dbms", "status": "success", "details": "{\"database\": \"test\", \"table\": \"test1\"}"}
{"created_at": "2026-03-22T03:07:03.290117+00:00", "actor_id": 1, "action": "login", "target": "auth", "status": "success", "details": "Session started"}
{"created_at": "2026-03-22T03:07:11.597350+00:00", "actor_id": 1, "action": "login", "target": "auth", "status": "success", "details": "Session started"}
{"created_at": "2026-03-22T03:07:20.900005+00:00", "actor_id": 1, "action": "login", "target": "auth", "status": "success", "details": "Session started"}
{"created_at": "2026-03-22T03:07:29.116829+00:00", "actor_id": 1, "action": "login", "target": "auth", "status": "success", "details": "Session started"}
{"created_at": "2026-03-22T03:10:52.448051+00:00", "actor_id": 1, "action": "login", "target": "auth", "status": "success", "details": "Session started"}
{"created_at": "2026-03-22T07:57:39.872652+00:00", "actor_id": 1, "action": "login", "target": "auth", "status": "success", "details": "Session started"}
{"created_at": "2026-03-22T08:01:43.194112+00:00", "actor_id": 1, "action": "delete_table", "target": "dbms", "status": "success", "details": "{\"database\": \"blinddrop_core\", \"table\": \"AuditTrail\"}"}
{"created_at": "2026-03-22T08:13:32.766799+00:00", "actor_id": 1, "action": "logout", "target": "auth", "status": "success", "details": "Session ended"}
{"created_at": "2026-03-22T08:15:34.921047+00:00", "actor_id": 1, "action": "login", "target": "auth", "status": "success", "details": "Session started"}
{"created_at": "2026-03-22T08:18:58.733460+00:00", "actor_id": 1, "action": "logout", "target": "auth", "status": "success", "details": "Session ended"}
{"created_at": "2026-03-22T08:19:04.089100+00:00", "actor_id": 1, "action": "login", "target": "auth", "status": "success", "details": "Session started"}
{"created_at": "2026-03-22T08:34:16.599681+00:00", "actor_id": 1, "action": "insert_record", "target": "dbms", "status": "success", "details": "{\"database\": \"blinddrop_core\", \"table\": \"Member\", \"record_id\": \"2\"}"}
{"created_at": "2026-03-22T08:39:06.707039+00:00", "actor_id": 1, "action": "create_member", "target": "members", "status": "success", "details": "devvrat"}
{"created_at": "2026-03-22T08:40:02.950409+00:00", "actor_id": 1, "action": "logout", "target": "auth", "status": "success", "details": "Session ended"}
{"created_at": "2026-03-22T08:40:15.894433+00:00", "actor_id": 1, "action": "login", "target": "auth", "status": "success", "details": "Session started"}
{"created_at": "2026-03-22T08:42:13.153123+00:00", "actor_id": 1, "action": "login", "target": "auth", "status": "success", "details": "Session started"}
{"created_at": "2026-03-22T08:59:31.080181+00:00", "actor_id": 1, "action": "login", "target": "auth", "status": "success", "details": "Session started"}
{"created_at": "2026-03-22T09:10:16.786089+00:00", "actor_id": 1, "action": "direct_db_modification_detected", "target": "project_records", "status": "unauthorized", "details": "{\"saved_hash\": \"1249121bc43ae6615ce397f634202f4e99b6b6c69fb2e903c7a22b56c69e50a3\", \"current_hash\": \"75620d8b847c8a00756c9b6f912165dc5512014a832f3683ee516a62b0af9484\", \"saved_row_count\": 13, \"current_row_count\": 13}"}
{"created_at": "2026-03-22T09:11:16.718541+00:00", "actor_id": 1, "action": "direct_db_modification_detected", "target": "project_records", "status": "unauthorized", "details": "{\"saved_hash\": \"f81f8c9526c000d61d2a9f2cfa545c2697e82ab50edb1eda6f736f06acf276bb\", \"current_hash\": \"0cdb02413944b29c92f446237a4bcb2600697e9b460f6730e9dc11fe4d679e1c\", \"saved_row_count\": 13, \"current_row_count\": 13}"}
{"created_at": "2026-03-22T09:11:32.978015+00:00", "actor_id": 1, "action": "direct_db_modification_detected", "target": "project_records", "status": "unauthorized", "details": "{\"saved_hash\": \"f81f8c9526c000d61d2a9f2cfa545c2697e82ab50edb1eda6f736f06acf276bb\", \"current_hash\": \"0cdb02413944b29c92f446237a4bcb2600697e9b460f6730e9dc11fe4d679e1c\", \"saved_row_count\": 13, \"current_row_count\": 13}"}
{"created_at": "2026-03-22T09:11:50.096943+00:00", "actor_id": 1, "action": "direct_db_modification_detected", "target": "project_records", "status": "unauthorized", "details": "{\"saved_hash\": \"f81f8c9526c000d61d2a9f2cfa545c2697e82ab50edb1eda6f736f06acf276bb\", \"current_hash\": \"0cdb02413944b29c92f446237a4bcb2600697e9b460f6730e9dc11fe4d679e1c\", \"saved_row_count\": 13, \"current_row_count\": 13}"}
{"created_at": "2026-03-22T09:11:51.135447+00:00", "actor_id": 1, "action": "direct_db_modification_detected", "target": "project_records", "status": "unauthorized", "details": "{\"saved_hash\": \"f81f8c9526c000d61d2a9f2cfa545c2697e82ab50edb1eda6f736f06acf276bb\", \"current_hash\": \"0cdb02413944b29c92f446237a4bcb2600697e9b460f6730e9dc11fe4d679e1c\", \"saved_row_count\": 13, \"current_row_count\": 13}"}
{"created_at": "2026-03-22T09:32:46.000154+00:00", "actor_id": 1, "action": "logout", "target": "auth", "status": "success", "details": "Session ended"}
{"created_at": "2026-03-22T09:32:52.225343+00:00", "actor_id": 1, "action": "login", "target": "auth", "status": "success", "details": "Session started"}
{"created_at": "2026-03-22T09:37:41.486688+00:00", "actor_id": 1, "action": "direct_db_modification_detected", "target": "project_records", "status": "unauthorized", "details": "{\"saved_hash\": \"63f67edc1767784e1287d5282531be480944aa4a476260ecfb2e2c37e02d92d7\", \"current_hash\": \"937a59365d2e94dc7b79507b942a937162a59617a78775dbf527ff3ffe3bbe00\", \"saved_row_count\": 13, \"current_row_count\": 13}"}
{"created_at": "2026-03-22T09:37:42.782602+00:00", "actor_id": 1, "action": "direct_db_modification_detected", "target": "project_records", "status": "unauthorized", "details": "{\"saved_hash\": \"63f67edc1767784e1287d5282531be480944aa4a476260ecfb2e2c37e02d92d7\", \"current_hash\": \"937a59365d2e94dc7b79507b942a937162a59617a78775dbf527ff3ffe3bbe00\", \"saved_row_count\": 13, \"current_row_count\": 13}"}
{"created_at": "2026-03-22T09:37:43.644038+00:00", "actor_id": 1, "action": "direct_db_modification_detected", "target": "project_records", "status": "unauthorized", "details": "{\"saved_hash\": \"63f67edc1767784e1287d5282531be480944aa4a476260ecfb2e2c37e02d92d7\", \"current_hash\": \"937a59365d2e94dc7b79507b942a937162a59617a78775dbf527ff3ffe3bbe00\", \"saved_row_count\": 13, \"current_row_count\": 13}"}
{"created_at": "2026-03-22T09:37:44.050825+00:00", "actor_id": 1, "action": "direct_db_modification_detected", "target": "project_records", "status": "unauthorized", "details": "{\"saved_hash\": \"63f67edc1767784e1287d5282531be480944aa4a476260ecfb2e2c37e02d92d7\", \"current_hash\": \"937a59365d2e94dc7b79507b942a937162a59617a78775dbf527ff3ffe3bbe00\", \"saved_row_count\": 13, \"current_row_count\": 13}"}
{"created_at": "2026-03-22T09:37:44.242603+00:00", "actor_id": 1, "action": "direct_db_modification_detected", "target": "project_records", "status": "unauthorized", "details": "{\"saved_hash\": \"63f67edc1767784e1287d5282531be480944aa4a476260ecfb2e2c37e02d92d7\", \"current_hash\": \"937a59365d2e94dc7b79507b942a937162a59617a78775dbf527ff3ffe3bbe00\", \"saved_row_count\": 13, \"current_row_count\": 13}"}
{"created_at": "2026-03-22T09:37:44.916721+00:00", "actor_id": 1, "action": "integrity_baseline_reset", "target": "integrity_snapshots", "status": "success", "details": "Manual baseline reset from admin audit page"}
{"created_at": "2026-03-22T09:38:23.663796+00:00", "actor_id": 1, "action": "direct_db_modification_detected", "target": "project_records", "status": "unauthorized", "details": "{\"saved_hash\": \"f81a63afe6559fcdca652b632ff7f3bd975f4120be5695f9d5424938a22aef44\", \"current_hash\": \"7c035e655a864bada79f9f268db08a96474ce30b72424111689a206e81484e9d\", \"saved_row_count\": 13, \"current_row_count\": 13}"}
{"created_at": "2026-03-22T09:38:25.405511+00:00", "actor_id": 1, "action": "integrity_baseline_reset", "target": "integrity_snapshots", "status": "success", "details": "Manual baseline reset from admin audit page"}
{"created_at": "2026-03-22T09:40:58.001493+00:00", "actor_id": 1, "action": "login", "target": "auth", "status": "success", "details": "Session started"}
{"created_at": "2026-03-22T09:47:03.208860+00:00", "actor_id": 1, "action": "login", "target": "auth", "status": "success", "details": "Session started"}
{"created_at": "2026-03-22T09:47:15.355575+00:00", "actor_id": 1, "action": "direct_db_modification_detected", "target": "project_records", "status": "unauthorized", "details": "{\"saved_hash\": \"7eaadcb294dc62fe896f4257364bde5cf5d2c80441e514daa2b9ab592d7b5691\", \"current_hash\": \"de4678a30631c93f2668ddae8e4bcb69f522fd4fbf74998621060a50acd77b91\", \"saved_row_count\": 12, \"current_row_count\": 12}"}
{"created_at": "2026-03-22T09:47:16.858491+00:00", "actor_id": 1, "action": "integrity_baseline_reset", "target": "integrity_snapshots", "status": "success", "details": "Manual baseline reset from admin audit page"}
{"created_at": "2026-03-22T10:03:58.735628+00:00", "actor_id": 1, "action": "direct_db_modification_detected", "target": "project_records", "status": "unauthorized", "details": "{\"saved_hash\": \"dc866156039cc85536bf4b7b0792139d33d5d39a2ca6d59b3e3309864d90ce0a\", \"current_hash\": \"6350c24957e11b5d97a4b27f44b9905b8b00f103ba6b7eb803f975fc1db1bba4\", \"saved_row_count\": 12, \"current_row_count\": 12}"}
{"created_at": "2026-03-22T10:03:59.855102+00:00", "actor_id": 1, "action": "direct_db_modification_detected", "target": "project_records", "status": "unauthorized", "details": "{\"saved_hash\": \"dc866156039cc85536bf4b7b0792139d33d5d39a2ca6d59b3e3309864d90ce0a\", \"current_hash\": \"6350c24957e11b5d97a4b27f44b9905b8b00f103ba6b7eb803f975fc1db1bba4\", \"saved_row_count\": 12, \"current_row_count\": 12}"}
{"created_at": "2026-03-22T10:04:00.838782+00:00", "actor_id": 1, "action": "integrity_baseline_reset", "target": "integrity_snapshots", "status": "success", "details": "Manual baseline reset from admin audit page"}
{"created_at": "2026-03-22T10:04:43.101112+00:00", "actor_id": 1, "action": "create_member", "target": "members", "status": "success", "details": "nitin"}
{"created_at": "2026-03-22T10:05:01.108793+00:00", "actor_id": 1, "action": "create_member", "target": "members", "status": "success", "details": "devvrat"}
{"created_at": "2026-03-22T10:05:19.863701+00:00", "actor_id": 1, "action": "logout", "target": "auth", "status": "success", "details": "Session ended"}
{"created_at": "2026-03-22T10:05:25.930063+00:00", "actor_id": 2, "action": "login", "target": "auth", "status": "success", "details": "Session started"}
{"created_at": "2026-03-22T10:05:32.977311+00:00", "actor_id": 2, "action": "direct_db_modification_detected", "target": "project_records", "status": "unauthorized", "details": "{\"saved_hash\": \"765f196d860e24ba1cd4bff9241379d1c72b6048868aa65816b4bc4e0ca0f703\", \"current_hash\": \"5d6335ac692d627c4d6811eb4a7325bda57937bacb72cc16cc25c5aad294be4d\", \"saved_row_count\": 13, \"current_row_count\": 13}"}
{"created_at": "2026-03-22T10:08:50.527920+00:00", "actor_id": 2, "action": "logout", "target": "auth", "status": "success", "details": "Session ended"}
{"created_at": "2026-03-22T10:09:00.838628+00:00", "actor_id": 3, "action": "login", "target": "auth", "status": "success", "details": "Session started"}
{"created_at": "2026-03-22T10:09:29.222564+00:00", "actor_id": 3, "action": "logout", "target": "auth", "status": "success", "details": "Session ended"}
{"created_at": "2026-03-22T10:10:06.507079+00:00", "actor_id": 1, "action": "login", "target": "auth", "status": "success", "details": "Session started"}
{"created_at": "2026-03-22T10:10:08.549909+00:00", "actor_id": 1, "action": "logout", "target": "auth", "status": "success", "details": "Session ended"}
{"created_at": "2026-03-22T10:10:14.844588+00:00", "actor_id": 1, "action": "login", "target": "auth", "status": "success", "details": "Session started"}
